<?xml version="1.0" encoding="UTF-8" ?>
<testsuite failures="0" time="0.136" errors="0" skipped="0" tests="61" name="no.uib.cipr.matrix.UpperSymmDenseMatrixTest">
  <properties>
[...]
</properties>
  <testcase time="0.001" classname="no.uib.cipr.matrix.UpperSymmDenseMatrixTest" name="testMatrixSet"/>
  <testcase time="0" classname="no.uib.cipr.matrix.UpperSymmDenseMatrixTest" name="testOneMatrixAdd"/>
  <testcase time="0.001" classname="no.uib.cipr.matrix.UpperSymmDenseMatrixTest" name="testOneMatrixSet"/>
  <testcase time="0.001" classname="no.uib.cipr.matrix.UpperSymmDenseMatrixTest" name="testRandomMatrixAdd"/>
  <testcase time="0" classname="no.uib.cipr.matrix.UpperSymmDenseMatrixTest" name="testRandomMatrixSet"/>
  <testcase time="0.003" classname="no.uib.cipr.matrix.UpperSymmDenseMatrixTest" name="testVectorRank1"/>
  <testcase time="0.001" classname="no.uib.cipr.matrix.UpperSymmDenseMatrixTest" name="testVectorRank1Dense"/>
  <testcase time="0.001" classname="no.uib.cipr.matrix.UpperSymmDenseMatrixTest" name="testMatrixAdd"/>
  <testcase time="0.002" classname="no.uib.cipr.matrix.UpperSymmDenseMatrixTest" name="testZeroMatrixAdd"/>
  <testcase time="0" classname="no.uib.cipr.matrix.UpperSymmDenseMatrixTest" name="testZeroMatrixSet"/>
  <testcase time="0" classname="no.uib.cipr.matrix.UpperSymmDenseMatrixTest" name="testVectorRank2"/>
  <testcase time="0.001" classname="no.uib.cipr.matrix.UpperSymmDenseMatrixTest" name="testVectorRank2Dense"/>
  <testcase time="0" classname="no.uib.cipr.matrix.UpperSymmDenseMatrixTest" name="testMatrixRank1"/>
  <testcase time="0.002" classname="no.uib.cipr.matrix.UpperSymmDenseMatrixTest" name="testMatrixRank1Dense"/>
  <testcase time="0.004" classname="no.uib.cipr.matrix.UpperSymmDenseMatrixTest" name="testMatrixTransRank1Dense"/>
  <testcase time="0.011" classname="no.uib.cipr.matrix.UpperSymmDenseMatrixTest" name="testMatrixTransRank1"/>
  <testcase time="0" classname="no.uib.cipr.matrix.UpperSymmDenseMatrixTest" name="testMatrixRank2"/>
  <testcase time="0.002" classname="no.uib.cipr.matrix.UpperSymmDenseMatrixTest" name="testMatrixRank2Dense"/>
  <testcase time="0.01" classname="no.uib.cipr.matrix.UpperSymmDenseMatrixTest" name="testMatrixTransRank2"/>
  <testcase time="0" classname="no.uib.cipr.matrix.UpperSymmDenseMatrixTest" name="testMatrixTransRank2Dense"/>
  <testcase time="0.002" classname="no.uib.cipr.matrix.UpperSymmDenseMatrixTest" name="testTranspose"/>
  <testcase time="0.021" classname="no.uib.cipr.matrix.UpperSymmDenseMatrixTest" name="testTransposeInplace"/>
  <testcase time="0.001" classname="no.uib.cipr.matrix.UpperSymmDenseMatrixTest" name="testMatrixMultDense"/>
  <testcase time="0.01" classname="no.uib.cipr.matrix.UpperSymmDenseMatrixTest" name="testMatrixMult"/>
  <testcase time="0.001" classname="no.uib.cipr.matrix.UpperSymmDenseMatrixTest" name="testMatrixTransAmultDense"/>
  <testcase time="0.002" classname="no.uib.cipr.matrix.UpperSymmDenseMatrixTest" name="testMatrixTransAmult"/>
  <testcase time="0" classname="no.uib.cipr.matrix.UpperSymmDenseMatrixTest" name="testMatrixTransABmultDense"/>
  <testcase time="0.003" classname="no.uib.cipr.matrix.UpperSymmDenseMatrixTest" name="testMatrixTransABmult"/>
  <testcase time="0.003" classname="no.uib.cipr.matrix.UpperSymmDenseMatrixTest" name="testMatrixTransBmultDense"/>
  <testcase time="0.001" classname="no.uib.cipr.matrix.UpperSymmDenseMatrixTest" name="testMatrixTransBmult"/>
  <testcase time="0.003" classname="no.uib.cipr.matrix.UpperSymmDenseMatrixTest" name="testMatrixMultAddDense"/>
  <testcase time="0.001" classname="no.uib.cipr.matrix.UpperSymmDenseMatrixTest" name="testMatrixMultAdd"/>
  <testcase time="0" classname="no.uib.cipr.matrix.UpperSymmDenseMatrixTest" name="testMatrixTransAmultAddDense"/>
  <testcase time="0" classname="no.uib.cipr.matrix.UpperSymmDenseMatrixTest" name="testMatrixTransAmultAdd"/>
  <testcase time="0.004" classname="no.uib.cipr.matrix.UpperSymmDenseMatrixTest" name="testMatrixTransABmultAddDense"/>
  <testcase time="0.008" classname="no.uib.cipr.matrix.UpperSymmDenseMatrixTest" name="testMatrixTransABmultAdd"/>
  <testcase time="0.006" classname="no.uib.cipr.matrix.UpperSymmDenseMatrixTest" name="testMatrixTransBmultAddDense"/>
  <testcase time="0" classname="no.uib.cipr.matrix.UpperSymmDenseMatrixTest" name="testMatrixTransBmultAdd"/>
  <testcase time="0.001" classname="no.uib.cipr.matrix.UpperSymmDenseMatrixTest" name="testVectorTransMultAddDense"/>
  <testcase time="0.001" classname="no.uib.cipr.matrix.UpperSymmDenseMatrixTest" name="testVectorTransMultAdd"/>
  <testcase time="0" classname="no.uib.cipr.matrix.UpperSymmDenseMatrixTest" name="testVectorMultDense"/>
  <testcase time="0.001" classname="no.uib.cipr.matrix.UpperSymmDenseMatrixTest" name="testVectorMult"/>
  <testcase time="0.001" classname="no.uib.cipr.matrix.UpperSymmDenseMatrixTest" name="testVectorMultAddDense"/>
  <testcase time="0" classname="no.uib.cipr.matrix.UpperSymmDenseMatrixTest" name="testVectorMultAdd"/>
  <testcase time="0.001" classname="no.uib.cipr.matrix.UpperSymmDenseMatrixTest" name="testMatrixSolve"/>
  <testcase time="0.004" classname="no.uib.cipr.matrix.UpperSymmDenseMatrixTest" name="testTransMatrixSolve"/>
  <testcase time="0.001" classname="no.uib.cipr.matrix.UpperSymmDenseMatrixTest" name="testVectorSolve"/>
  <testcase time="0" classname="no.uib.cipr.matrix.UpperSymmDenseMatrixTest" name="testTransVectorSolve"/>
  <testcase time="0.001" classname="no.uib.cipr.matrix.UpperSymmDenseMatrixTest" name="testAdd"/>
  <testcase time="0.001" classname="no.uib.cipr.matrix.UpperSymmDenseMatrixTest" name="testCopy"/>
  <testcase time="0" classname="no.uib.cipr.matrix.UpperSymmDenseMatrixTest" name="testIterator"/>
  <testcase time="0.001" classname="no.uib.cipr.matrix.UpperSymmDenseMatrixTest" name="testIteratorSet"/>
  <testcase time="0.002" classname="no.uib.cipr.matrix.UpperSymmDenseMatrixTest" name="testIteratorSetGet"/>
  <testcase time="0" classname="no.uib.cipr.matrix.UpperSymmDenseMatrixTest" name="testZero"/>
  <testcase time="0.001" classname="no.uib.cipr.matrix.UpperSymmDenseMatrixTest" name="testCardinality"/>
  <testcase time="0.001" classname="no.uib.cipr.matrix.UpperSymmDenseMatrixTest" name="testScale"/>
  <testcase time="0" classname="no.uib.cipr.matrix.UpperSymmDenseMatrixTest" name="testZeroScale"/>
  <testcase time="0" classname="no.uib.cipr.matrix.UpperSymmDenseMatrixTest" name="testOneScale"/>
  <testcase time="0.001" classname="no.uib.cipr.matrix.UpperSymmDenseMatrixTest" name="testOneNorm"/>
  <testcase time="0.001" classname="no.uib.cipr.matrix.UpperSymmDenseMatrixTest" name="testFrobeniusNorm"/>
  <testcase time="0.001" classname="no.uib.cipr.matrix.UpperSymmDenseMatrixTest" name="testInfinityNorm"/>
</testsuite>