<?xml version="1.0" encoding="UTF-8" ?>
<testsuite failures="0" time="0.277" errors="0" skipped="0" tests="61" name="no.uib.cipr.matrix.SquareDenseMatrixTest">
  <properties>
[...]
</properties>
  <testcase time="0.001" classname="no.uib.cipr.matrix.SquareDenseMatrixTest" name="testMatrixSet"/>
  <testcase time="0.001" classname="no.uib.cipr.matrix.SquareDenseMatrixTest" name="testOneMatrixAdd"/>
  <testcase time="0" classname="no.uib.cipr.matrix.SquareDenseMatrixTest" name="testOneMatrixSet"/>
  <testcase time="0.001" classname="no.uib.cipr.matrix.SquareDenseMatrixTest" name="testRandomMatrixAdd"/>
  <testcase time="0.001" classname="no.uib.cipr.matrix.SquareDenseMatrixTest" name="testRandomMatrixSet"/>
  <testcase time="0" classname="no.uib.cipr.matrix.SquareDenseMatrixTest" name="testZeroMatrixAdd"/>
  <testcase time="0" classname="no.uib.cipr.matrix.SquareDenseMatrixTest" name="testZeroMatrixSet"/>
  <testcase time="0.022" classname="no.uib.cipr.matrix.SquareDenseMatrixTest" name="testVectorRank1"/>
  <testcase time="0" classname="no.uib.cipr.matrix.SquareDenseMatrixTest" name="testVectorRank1Dense"/>
  <testcase time="0" classname="no.uib.cipr.matrix.SquareDenseMatrixTest" name="testVectorRank2"/>
  <testcase time="0.02" classname="no.uib.cipr.matrix.SquareDenseMatrixTest" name="testVectorRank2Dense"/>
  <testcase time="0.034" classname="no.uib.cipr.matrix.SquareDenseMatrixTest" name="testMatrixRank1"/>
  <testcase time="0.002" classname="no.uib.cipr.matrix.SquareDenseMatrixTest" name="testMatrixRank1Dense"/>
  <testcase time="0.005" classname="no.uib.cipr.matrix.SquareDenseMatrixTest" name="testMatrixTransRank1Dense"/>
  <testcase time="0.009" classname="no.uib.cipr.matrix.SquareDenseMatrixTest" name="testMatrixTransRank1"/>
  <testcase time="0.004" classname="no.uib.cipr.matrix.SquareDenseMatrixTest" name="testMatrixRank2"/>
  <testcase time="0.002" classname="no.uib.cipr.matrix.SquareDenseMatrixTest" name="testMatrixRank2Dense"/>
  <testcase time="0" classname="no.uib.cipr.matrix.SquareDenseMatrixTest" name="testMatrixTransRank2"/>
  <testcase time="0.001" classname="no.uib.cipr.matrix.SquareDenseMatrixTest" name="testMatrixTransRank2Dense"/>
  <testcase time="0.003" classname="no.uib.cipr.matrix.SquareDenseMatrixTest" name="testTranspose"/>
  <testcase time="0.003" classname="no.uib.cipr.matrix.SquareDenseMatrixTest" name="testTransposeInplace"/>
  <testcase time="0.002" classname="no.uib.cipr.matrix.SquareDenseMatrixTest" name="testMatrixAdd"/>
  <testcase time="0.001" classname="no.uib.cipr.matrix.SquareDenseMatrixTest" name="testMatrixMultDense"/>
  <testcase time="0.002" classname="no.uib.cipr.matrix.SquareDenseMatrixTest" name="testMatrixMult"/>
  <testcase time="0.011" classname="no.uib.cipr.matrix.SquareDenseMatrixTest" name="testMatrixTransAmultDense"/>
  <testcase time="0" classname="no.uib.cipr.matrix.SquareDenseMatrixTest" name="testMatrixTransAmult"/>
  <testcase time="0.006" classname="no.uib.cipr.matrix.SquareDenseMatrixTest" name="testMatrixTransABmultDense"/>
  <testcase time="0.006" classname="no.uib.cipr.matrix.SquareDenseMatrixTest" name="testMatrixTransABmult"/>
  <testcase time="0.006" classname="no.uib.cipr.matrix.SquareDenseMatrixTest" name="testMatrixTransBmultDense"/>
  <testcase time="0.015" classname="no.uib.cipr.matrix.SquareDenseMatrixTest" name="testMatrixTransBmult"/>
  <testcase time="0.011" classname="no.uib.cipr.matrix.SquareDenseMatrixTest" name="testMatrixMultAddDense"/>
  <testcase time="0.001" classname="no.uib.cipr.matrix.SquareDenseMatrixTest" name="testMatrixMultAdd"/>
  <testcase time="0.009" classname="no.uib.cipr.matrix.SquareDenseMatrixTest" name="testMatrixTransAmultAddDense"/>
  <testcase time="0.004" classname="no.uib.cipr.matrix.SquareDenseMatrixTest" name="testMatrixTransAmultAdd"/>
  <testcase time="0.01" classname="no.uib.cipr.matrix.SquareDenseMatrixTest" name="testMatrixTransABmultAddDense"/>
  <testcase time="0.008" classname="no.uib.cipr.matrix.SquareDenseMatrixTest" name="testMatrixTransABmultAdd"/>
  <testcase time="0.007" classname="no.uib.cipr.matrix.SquareDenseMatrixTest" name="testMatrixTransBmultAddDense"/>
  <testcase time="0.001" classname="no.uib.cipr.matrix.SquareDenseMatrixTest" name="testMatrixTransBmultAdd"/>
  <testcase time="0.001" classname="no.uib.cipr.matrix.SquareDenseMatrixTest" name="testVectorTransMultAddDense"/>
  <testcase time="0.003" classname="no.uib.cipr.matrix.SquareDenseMatrixTest" name="testVectorTransMultAdd"/>
  <testcase time="0.001" classname="no.uib.cipr.matrix.SquareDenseMatrixTest" name="testVectorMultDense"/>
  <testcase time="0.001" classname="no.uib.cipr.matrix.SquareDenseMatrixTest" name="testVectorMult"/>
  <testcase time="0.001" classname="no.uib.cipr.matrix.SquareDenseMatrixTest" name="testVectorMultAddDense"/>
  <testcase time="0" classname="no.uib.cipr.matrix.SquareDenseMatrixTest" name="testVectorMultAdd"/>
  <testcase time="0.01" classname="no.uib.cipr.matrix.SquareDenseMatrixTest" name="testMatrixSolve"/>
  <testcase time="0.006" classname="no.uib.cipr.matrix.SquareDenseMatrixTest" name="testTransMatrixSolve"/>
  <testcase time="0.012" classname="no.uib.cipr.matrix.SquareDenseMatrixTest" name="testVectorSolve"/>
  <testcase time="0.003" classname="no.uib.cipr.matrix.SquareDenseMatrixTest" name="testTransVectorSolve"/>
  <testcase time="0" classname="no.uib.cipr.matrix.SquareDenseMatrixTest" name="testAdd"/>
  <testcase time="0.001" classname="no.uib.cipr.matrix.SquareDenseMatrixTest" name="testCopy"/>
  <testcase time="0.002" classname="no.uib.cipr.matrix.SquareDenseMatrixTest" name="testIterator"/>
  <testcase time="0" classname="no.uib.cipr.matrix.SquareDenseMatrixTest" name="testIteratorSet"/>
  <testcase time="0.002" classname="no.uib.cipr.matrix.SquareDenseMatrixTest" name="testIteratorSetGet"/>
  <testcase time="0" classname="no.uib.cipr.matrix.SquareDenseMatrixTest" name="testZero"/>
  <testcase time="0.001" classname="no.uib.cipr.matrix.SquareDenseMatrixTest" name="testCardinality"/>
  <testcase time="0.001" classname="no.uib.cipr.matrix.SquareDenseMatrixTest" name="testScale"/>
  <testcase time="0.001" classname="no.uib.cipr.matrix.SquareDenseMatrixTest" name="testZeroScale"/>
  <testcase time="0" classname="no.uib.cipr.matrix.SquareDenseMatrixTest" name="testOneScale"/>
  <testcase time="0.003" classname="no.uib.cipr.matrix.SquareDenseMatrixTest" name="testOneNorm"/>
  <testcase time="0.002" classname="no.uib.cipr.matrix.SquareDenseMatrixTest" name="testFrobeniusNorm"/>
  <testcase time="0.001" classname="no.uib.cipr.matrix.SquareDenseMatrixTest" name="testInfinityNorm"/>
</testsuite>